2024-12-03 00:42:23 [main] INFO  o.s.d.r.c.RepositoryConfigurationDelegate - Multiple Spring Data modules found, entering strict repository configuration mode
2024-12-03 00:42:23 [main] INFO  o.s.d.r.c.RepositoryConfigurationDelegate - Bootstrapping Spring Data Reactive MongoDB repositories in DEFAULT mode.
2024-12-03 00:42:23 [main] INFO  o.s.d.r.c.RepositoryConfigurationDelegate - Finished Spring Data repository scanning in 172 ms. Found 1 Reactive MongoDB repository interface.
2024-12-03 00:42:23 [main] INFO  o.s.d.r.c.RepositoryConfigurationDelegate - Multiple Spring Data modules found, entering strict repository configuration mode
2024-12-03 00:42:23 [main] INFO  o.s.d.r.c.RepositoryConfigurationDelegate - Bootstrapping Spring Data Redis repositories in DEFAULT mode.
2024-12-03 00:42:23 [main] INFO  o.s.d.r.c.RepositoryConfigurationExtensionSupport - Spring Data Redis - Could not safely identify store assignment for repository candidate interface com.app.commentservice.repository.CommentRepository; If you want this repository to be a Redis repository, consider annotating your entities with one of these annotations: org.springframework.data.redis.core.RedisHash (preferred), or consider extending one of the following types with your repository: org.springframework.data.keyvalue.repository.KeyValueRepository
2024-12-03 00:42:23 [main] INFO  o.s.d.r.c.RepositoryConfigurationDelegate - Finished Spring Data repository scanning in 13 ms. Found 0 Redis repository interfaces.
2024-12-03 00:42:26 [main] INFO  o.s.b.w.e.netty.NettyWebServer - Netty started on port 8083 (http)
2024-12-03 00:42:50 [parallel-1] DEBUG o.s.s.w.s.u.m.OrServerWebExchangeMatcher - Trying to match using PathMatcherServerWebExchangeMatcher{pattern='/logout', method=POST}
2024-12-03 00:42:50 [parallel-1] DEBUG o.s.s.w.s.u.m.PathPatternParserServerWebExchangeMatcher - Request 'GET /v3/api-docs' doesn't match 'POST /logout'
2024-12-03 00:42:50 [parallel-1] DEBUG o.s.s.w.s.u.m.OrServerWebExchangeMatcher - No matches found
2024-12-03 00:42:50 [parallel-1] DEBUG o.s.s.w.s.u.m.OrServerWebExchangeMatcher - Trying to match using PathMatcherServerWebExchangeMatcher{pattern='/swagger-ui.html', method=null}
2024-12-03 00:42:50 [parallel-1] DEBUG o.s.s.w.s.u.m.PathPatternParserServerWebExchangeMatcher - Request 'GET /v3/api-docs' doesn't match 'null /swagger-ui.html'
2024-12-03 00:42:50 [parallel-1] DEBUG o.s.s.w.s.u.m.OrServerWebExchangeMatcher - Trying to match using PathMatcherServerWebExchangeMatcher{pattern='/swagger-ui/**', method=null}
2024-12-03 00:42:50 [parallel-1] DEBUG o.s.s.w.s.u.m.PathPatternParserServerWebExchangeMatcher - Request 'GET /v3/api-docs' doesn't match 'null /swagger-ui/**'
2024-12-03 00:42:50 [parallel-1] DEBUG o.s.s.w.s.u.m.OrServerWebExchangeMatcher - Trying to match using PathMatcherServerWebExchangeMatcher{pattern='/v3/api-docs/**', method=null}
2024-12-03 00:42:50 [parallel-1] DEBUG o.s.s.w.s.u.m.PathPatternParserServerWebExchangeMatcher - Checking match of request : '/v3/api-docs'; against '/v3/api-docs/**'
2024-12-03 00:42:50 [parallel-1] DEBUG o.s.s.w.s.u.m.OrServerWebExchangeMatcher - Trying to match using PathMatcherServerWebExchangeMatcher{pattern='/webjars/**', method=null}
2024-12-03 00:42:50 [parallel-1] DEBUG o.s.s.w.s.u.m.PathPatternParserServerWebExchangeMatcher - Request 'GET /v3/api-docs' doesn't match 'null /webjars/**'
2024-12-03 00:42:50 [parallel-1] DEBUG o.s.s.w.s.u.m.OrServerWebExchangeMatcher - matched
2024-12-03 00:42:50 [parallel-1] DEBUG o.s.s.w.s.a.DelegatingReactiveAuthorizationManager - Checking authorization on '/v3/api-docs' using org.springframework.security.config.web.server.ServerHttpSecurity$AuthorizeExchangeSpec$Access$$Lambda/0x00000008006f27d8@5d15dde2
2024-12-03 00:42:50 [parallel-1] DEBUG o.s.s.w.s.a.AuthorizationWebFilter - Authorization successful
2024-12-03 00:42:55 [parallel-2] DEBUG o.s.s.w.s.u.m.OrServerWebExchangeMatcher - Trying to match using PathMatcherServerWebExchangeMatcher{pattern='/logout', method=POST}
2024-12-03 00:42:55 [parallel-2] DEBUG o.s.s.w.s.u.m.PathPatternParserServerWebExchangeMatcher - Request 'GET /v3/api-docs' doesn't match 'POST /logout'
2024-12-03 00:42:55 [parallel-2] DEBUG o.s.s.w.s.u.m.OrServerWebExchangeMatcher - No matches found
2024-12-03 00:42:55 [parallel-2] DEBUG o.s.s.w.s.u.m.OrServerWebExchangeMatcher - Trying to match using PathMatcherServerWebExchangeMatcher{pattern='/swagger-ui.html', method=null}
2024-12-03 00:42:55 [parallel-2] DEBUG o.s.s.w.s.u.m.PathPatternParserServerWebExchangeMatcher - Request 'GET /v3/api-docs' doesn't match 'null /swagger-ui.html'
2024-12-03 00:42:55 [parallel-2] DEBUG o.s.s.w.s.u.m.OrServerWebExchangeMatcher - Trying to match using PathMatcherServerWebExchangeMatcher{pattern='/swagger-ui/**', method=null}
2024-12-03 00:42:55 [parallel-2] DEBUG o.s.s.w.s.u.m.PathPatternParserServerWebExchangeMatcher - Request 'GET /v3/api-docs' doesn't match 'null /swagger-ui/**'
2024-12-03 00:42:55 [parallel-2] DEBUG o.s.s.w.s.u.m.OrServerWebExchangeMatcher - Trying to match using PathMatcherServerWebExchangeMatcher{pattern='/v3/api-docs/**', method=null}
2024-12-03 00:42:55 [parallel-2] DEBUG o.s.s.w.s.u.m.PathPatternParserServerWebExchangeMatcher - Checking match of request : '/v3/api-docs'; against '/v3/api-docs/**'
2024-12-03 00:42:55 [parallel-2] DEBUG o.s.s.w.s.u.m.OrServerWebExchangeMatcher - Trying to match using PathMatcherServerWebExchangeMatcher{pattern='/webjars/**', method=null}
2024-12-03 00:42:55 [parallel-2] DEBUG o.s.s.w.s.u.m.PathPatternParserServerWebExchangeMatcher - Request 'GET /v3/api-docs' doesn't match 'null /webjars/**'
2024-12-03 00:42:55 [parallel-2] DEBUG o.s.s.w.s.u.m.OrServerWebExchangeMatcher - matched
2024-12-03 00:42:55 [parallel-2] DEBUG o.s.s.w.s.a.DelegatingReactiveAuthorizationManager - Checking authorization on '/v3/api-docs' using org.springframework.security.config.web.server.ServerHttpSecurity$AuthorizeExchangeSpec$Access$$Lambda/0x00000008006f27d8@5d15dde2
2024-12-03 00:42:55 [parallel-2] DEBUG o.s.s.w.s.a.AuthorizationWebFilter - Authorization successful
2024-12-03 00:46:12 [RMI TCP Connection(12)-127.0.0.1] INFO  o.s.b.a.SpringApplicationAdminMXBeanRegistrar$SpringApplicationAdmin - Application shutdown requested.
2024-12-03 00:46:21 [main] INFO  o.s.d.r.c.RepositoryConfigurationDelegate - Multiple Spring Data modules found, entering strict repository configuration mode
2024-12-03 00:46:21 [main] INFO  o.s.d.r.c.RepositoryConfigurationDelegate - Bootstrapping Spring Data Reactive MongoDB repositories in DEFAULT mode.
2024-12-03 00:46:21 [main] INFO  o.s.d.r.c.RepositoryConfigurationDelegate - Finished Spring Data repository scanning in 158 ms. Found 1 Reactive MongoDB repository interface.
2024-12-03 00:46:21 [main] INFO  o.s.d.r.c.RepositoryConfigurationDelegate - Multiple Spring Data modules found, entering strict repository configuration mode
2024-12-03 00:46:21 [main] INFO  o.s.d.r.c.RepositoryConfigurationDelegate - Bootstrapping Spring Data Redis repositories in DEFAULT mode.
2024-12-03 00:46:21 [main] INFO  o.s.d.r.c.RepositoryConfigurationExtensionSupport - Spring Data Redis - Could not safely identify store assignment for repository candidate interface com.app.commentservice.repository.CommentRepository; If you want this repository to be a Redis repository, consider annotating your entities with one of these annotations: org.springframework.data.redis.core.RedisHash (preferred), or consider extending one of the following types with your repository: org.springframework.data.keyvalue.repository.KeyValueRepository
2024-12-03 00:46:21 [main] INFO  o.s.d.r.c.RepositoryConfigurationDelegate - Finished Spring Data repository scanning in 9 ms. Found 0 Redis repository interfaces.
2024-12-03 00:46:23 [main] INFO  o.s.b.w.e.netty.NettyWebServer - Netty started on port 8083 (http)
2024-12-03 00:46:37 [parallel-1] DEBUG o.s.s.w.s.u.m.OrServerWebExchangeMatcher - Trying to match using PathMatcherServerWebExchangeMatcher{pattern='/logout', method=POST}
2024-12-03 00:46:37 [parallel-1] DEBUG o.s.s.w.s.u.m.PathPatternParserServerWebExchangeMatcher - Request 'GET /v3/api-docs' doesn't match 'POST /logout'
2024-12-03 00:46:37 [parallel-1] DEBUG o.s.s.w.s.u.m.OrServerWebExchangeMatcher - No matches found
2024-12-03 00:46:37 [parallel-1] DEBUG o.s.s.w.s.u.m.OrServerWebExchangeMatcher - Trying to match using PathMatcherServerWebExchangeMatcher{pattern='/swagger-ui.html', method=null}
2024-12-03 00:46:37 [parallel-1] DEBUG o.s.s.w.s.u.m.PathPatternParserServerWebExchangeMatcher - Request 'GET /v3/api-docs' doesn't match 'null /swagger-ui.html'
2024-12-03 00:46:37 [parallel-1] DEBUG o.s.s.w.s.u.m.OrServerWebExchangeMatcher - Trying to match using PathMatcherServerWebExchangeMatcher{pattern='/swagger-ui/**', method=null}
2024-12-03 00:46:37 [parallel-1] DEBUG o.s.s.w.s.u.m.PathPatternParserServerWebExchangeMatcher - Request 'GET /v3/api-docs' doesn't match 'null /swagger-ui/**'
2024-12-03 00:46:37 [parallel-1] DEBUG o.s.s.w.s.u.m.OrServerWebExchangeMatcher - Trying to match using PathMatcherServerWebExchangeMatcher{pattern='/v3/api-docs/**', method=null}
2024-12-03 00:46:37 [parallel-1] DEBUG o.s.s.w.s.u.m.PathPatternParserServerWebExchangeMatcher - Checking match of request : '/v3/api-docs'; against '/v3/api-docs/**'
2024-12-03 00:46:37 [parallel-1] DEBUG o.s.s.w.s.u.m.OrServerWebExchangeMatcher - Trying to match using PathMatcherServerWebExchangeMatcher{pattern='/webjars/**', method=null}
2024-12-03 00:46:37 [parallel-1] DEBUG o.s.s.w.s.u.m.PathPatternParserServerWebExchangeMatcher - Request 'GET /v3/api-docs' doesn't match 'null /webjars/**'
2024-12-03 00:46:37 [parallel-1] DEBUG o.s.s.w.s.u.m.OrServerWebExchangeMatcher - matched
2024-12-03 00:46:37 [parallel-1] DEBUG o.s.s.w.s.a.DelegatingReactiveAuthorizationManager - Checking authorization on '/v3/api-docs' using org.springframework.security.config.web.server.ServerHttpSecurity$AuthorizeExchangeSpec$Access$$Lambda/0x00000008006f13c0@2d8e28f5
2024-12-03 00:46:37 [parallel-1] DEBUG o.s.s.w.s.a.AuthorizationWebFilter - Authorization successful
2024-12-03 00:47:09 [parallel-2] DEBUG o.s.s.w.s.u.m.OrServerWebExchangeMatcher - Trying to match using PathMatcherServerWebExchangeMatcher{pattern='/logout', method=POST}
2024-12-03 00:47:09 [parallel-2] DEBUG o.s.s.w.s.u.m.PathPatternParserServerWebExchangeMatcher - Request 'GET /v3/api-docs' doesn't match 'POST /logout'
2024-12-03 00:47:09 [parallel-2] DEBUG o.s.s.w.s.u.m.OrServerWebExchangeMatcher - No matches found
2024-12-03 00:47:09 [parallel-2] DEBUG o.s.s.w.s.u.m.OrServerWebExchangeMatcher - Trying to match using PathMatcherServerWebExchangeMatcher{pattern='/swagger-ui.html', method=null}
2024-12-03 00:47:09 [parallel-2] DEBUG o.s.s.w.s.u.m.PathPatternParserServerWebExchangeMatcher - Request 'GET /v3/api-docs' doesn't match 'null /swagger-ui.html'
2024-12-03 00:47:09 [parallel-2] DEBUG o.s.s.w.s.u.m.OrServerWebExchangeMatcher - Trying to match using PathMatcherServerWebExchangeMatcher{pattern='/swagger-ui/**', method=null}
2024-12-03 00:47:09 [parallel-2] DEBUG o.s.s.w.s.u.m.PathPatternParserServerWebExchangeMatcher - Request 'GET /v3/api-docs' doesn't match 'null /swagger-ui/**'
2024-12-03 00:47:09 [parallel-2] DEBUG o.s.s.w.s.u.m.OrServerWebExchangeMatcher - Trying to match using PathMatcherServerWebExchangeMatcher{pattern='/v3/api-docs/**', method=null}
2024-12-03 00:47:09 [parallel-2] DEBUG o.s.s.w.s.u.m.PathPatternParserServerWebExchangeMatcher - Checking match of request : '/v3/api-docs'; against '/v3/api-docs/**'
2024-12-03 00:47:09 [parallel-2] DEBUG o.s.s.w.s.u.m.OrServerWebExchangeMatcher - Trying to match using PathMatcherServerWebExchangeMatcher{pattern='/webjars/**', method=null}
2024-12-03 00:47:09 [parallel-2] DEBUG o.s.s.w.s.u.m.PathPatternParserServerWebExchangeMatcher - Request 'GET /v3/api-docs' doesn't match 'null /webjars/**'
2024-12-03 00:47:09 [parallel-2] DEBUG o.s.s.w.s.u.m.OrServerWebExchangeMatcher - matched
2024-12-03 00:47:09 [parallel-2] DEBUG o.s.s.w.s.a.DelegatingReactiveAuthorizationManager - Checking authorization on '/v3/api-docs' using org.springframework.security.config.web.server.ServerHttpSecurity$AuthorizeExchangeSpec$Access$$Lambda/0x00000008006f13c0@2d8e28f5
2024-12-03 00:47:09 [parallel-2] DEBUG o.s.s.w.s.a.AuthorizationWebFilter - Authorization successful
2024-12-03 00:48:38 [parallel-3] DEBUG o.s.s.w.s.u.m.OrServerWebExchangeMatcher - Trying to match using PathMatcherServerWebExchangeMatcher{pattern='/logout', method=POST}
2024-12-03 00:48:38 [parallel-3] DEBUG o.s.s.w.s.u.m.PathPatternParserServerWebExchangeMatcher - Request 'GET /v3/api-docs' doesn't match 'POST /logout'
2024-12-03 00:48:38 [parallel-3] DEBUG o.s.s.w.s.u.m.OrServerWebExchangeMatcher - No matches found
2024-12-03 00:48:38 [parallel-3] DEBUG o.s.s.w.s.u.m.OrServerWebExchangeMatcher - Trying to match using PathMatcherServerWebExchangeMatcher{pattern='/swagger-ui.html', method=null}
2024-12-03 00:48:38 [parallel-3] DEBUG o.s.s.w.s.u.m.PathPatternParserServerWebExchangeMatcher - Request 'GET /v3/api-docs' doesn't match 'null /swagger-ui.html'
2024-12-03 00:48:38 [parallel-3] DEBUG o.s.s.w.s.u.m.OrServerWebExchangeMatcher - Trying to match using PathMatcherServerWebExchangeMatcher{pattern='/swagger-ui/**', method=null}
2024-12-03 00:48:38 [parallel-3] DEBUG o.s.s.w.s.u.m.PathPatternParserServerWebExchangeMatcher - Request 'GET /v3/api-docs' doesn't match 'null /swagger-ui/**'
2024-12-03 00:48:38 [parallel-3] DEBUG o.s.s.w.s.u.m.OrServerWebExchangeMatcher - Trying to match using PathMatcherServerWebExchangeMatcher{pattern='/v3/api-docs/**', method=null}
2024-12-03 00:48:38 [parallel-3] DEBUG o.s.s.w.s.u.m.PathPatternParserServerWebExchangeMatcher - Checking match of request : '/v3/api-docs'; against '/v3/api-docs/**'
2024-12-03 00:48:38 [parallel-3] DEBUG o.s.s.w.s.u.m.OrServerWebExchangeMatcher - Trying to match using PathMatcherServerWebExchangeMatcher{pattern='/webjars/**', method=null}
2024-12-03 00:48:38 [parallel-3] DEBUG o.s.s.w.s.u.m.PathPatternParserServerWebExchangeMatcher - Request 'GET /v3/api-docs' doesn't match 'null /webjars/**'
2024-12-03 00:48:38 [parallel-3] DEBUG o.s.s.w.s.u.m.OrServerWebExchangeMatcher - matched
2024-12-03 00:48:38 [parallel-3] DEBUG o.s.s.w.s.a.DelegatingReactiveAuthorizationManager - Checking authorization on '/v3/api-docs' using org.springframework.security.config.web.server.ServerHttpSecurity$AuthorizeExchangeSpec$Access$$Lambda/0x00000008006f13c0@2d8e28f5
2024-12-03 00:48:38 [parallel-3] DEBUG o.s.s.w.s.a.AuthorizationWebFilter - Authorization successful
2024-12-03 00:49:00 [RMI TCP Connection(13)-127.0.0.1] INFO  o.s.b.a.SpringApplicationAdminMXBeanRegistrar$SpringApplicationAdmin - Application shutdown requested.
2024-12-03 00:49:08 [main] INFO  o.s.d.r.c.RepositoryConfigurationDelegate - Multiple Spring Data modules found, entering strict repository configuration mode
2024-12-03 00:49:08 [main] INFO  o.s.d.r.c.RepositoryConfigurationDelegate - Bootstrapping Spring Data Reactive MongoDB repositories in DEFAULT mode.
2024-12-03 00:49:08 [main] INFO  o.s.d.r.c.RepositoryConfigurationDelegate - Finished Spring Data repository scanning in 164 ms. Found 1 Reactive MongoDB repository interface.
2024-12-03 00:49:08 [main] INFO  o.s.d.r.c.RepositoryConfigurationDelegate - Multiple Spring Data modules found, entering strict repository configuration mode
2024-12-03 00:49:08 [main] INFO  o.s.d.r.c.RepositoryConfigurationDelegate - Bootstrapping Spring Data Redis repositories in DEFAULT mode.
2024-12-03 00:49:08 [main] INFO  o.s.d.r.c.RepositoryConfigurationExtensionSupport - Spring Data Redis - Could not safely identify store assignment for repository candidate interface com.app.commentservice.repository.CommentRepository; If you want this repository to be a Redis repository, consider annotating your entities with one of these annotations: org.springframework.data.redis.core.RedisHash (preferred), or consider extending one of the following types with your repository: org.springframework.data.keyvalue.repository.KeyValueRepository
2024-12-03 00:49:08 [main] INFO  o.s.d.r.c.RepositoryConfigurationDelegate - Finished Spring Data repository scanning in 7 ms. Found 0 Redis repository interfaces.
2024-12-03 00:49:10 [main] INFO  o.s.b.w.e.netty.NettyWebServer - Netty started on port 8083 (http)
2024-12-03 00:54:09 [parallel-1] DEBUG o.s.s.w.s.u.m.OrServerWebExchangeMatcher - Trying to match using PathMatcherServerWebExchangeMatcher{pattern='/logout', method=POST}
2024-12-03 00:54:09 [parallel-1] DEBUG o.s.s.w.s.u.m.PathPatternParserServerWebExchangeMatcher - Request 'GET /v3/api-docs' doesn't match 'POST /logout'
2024-12-03 00:54:09 [parallel-1] DEBUG o.s.s.w.s.u.m.OrServerWebExchangeMatcher - No matches found
2024-12-03 00:54:09 [parallel-1] DEBUG o.s.s.w.s.u.m.OrServerWebExchangeMatcher - Trying to match using PathMatcherServerWebExchangeMatcher{pattern='/swagger-ui.html', method=null}
2024-12-03 00:54:09 [parallel-1] DEBUG o.s.s.w.s.u.m.PathPatternParserServerWebExchangeMatcher - Request 'GET /v3/api-docs' doesn't match 'null /swagger-ui.html'
2024-12-03 00:54:09 [parallel-1] DEBUG o.s.s.w.s.u.m.OrServerWebExchangeMatcher - Trying to match using PathMatcherServerWebExchangeMatcher{pattern='/swagger-ui/**', method=null}
2024-12-03 00:54:09 [parallel-1] DEBUG o.s.s.w.s.u.m.PathPatternParserServerWebExchangeMatcher - Request 'GET /v3/api-docs' doesn't match 'null /swagger-ui/**'
2024-12-03 00:54:09 [parallel-1] DEBUG o.s.s.w.s.u.m.OrServerWebExchangeMatcher - Trying to match using PathMatcherServerWebExchangeMatcher{pattern='/v3/api-docs/**', method=null}
2024-12-03 00:54:09 [parallel-1] DEBUG o.s.s.w.s.u.m.PathPatternParserServerWebExchangeMatcher - Checking match of request : '/v3/api-docs'; against '/v3/api-docs/**'
2024-12-03 00:54:09 [parallel-1] DEBUG o.s.s.w.s.u.m.OrServerWebExchangeMatcher - Trying to match using PathMatcherServerWebExchangeMatcher{pattern='/webjars/**', method=null}
2024-12-03 00:54:09 [parallel-1] DEBUG o.s.s.w.s.u.m.PathPatternParserServerWebExchangeMatcher - Request 'GET /v3/api-docs' doesn't match 'null /webjars/**'
2024-12-03 00:54:09 [parallel-1] DEBUG o.s.s.w.s.u.m.OrServerWebExchangeMatcher - matched
2024-12-03 00:54:09 [parallel-1] DEBUG o.s.s.w.s.a.DelegatingReactiveAuthorizationManager - Checking authorization on '/v3/api-docs' using org.springframework.security.config.web.server.ServerHttpSecurity$AuthorizeExchangeSpec$Access$$Lambda/0x00000008006f27d8@5de67e85
2024-12-03 00:54:09 [parallel-1] DEBUG o.s.s.w.s.a.AuthorizationWebFilter - Authorization successful
2024-12-03 00:55:37 [RMI TCP Connection(16)-127.0.0.1] INFO  o.s.b.a.SpringApplicationAdminMXBeanRegistrar$SpringApplicationAdmin - Application shutdown requested.
2024-12-03 00:55:46 [main] INFO  o.s.d.r.c.RepositoryConfigurationDelegate - Multiple Spring Data modules found, entering strict repository configuration mode
2024-12-03 00:55:46 [main] INFO  o.s.d.r.c.RepositoryConfigurationDelegate - Bootstrapping Spring Data Reactive MongoDB repositories in DEFAULT mode.
2024-12-03 00:55:46 [main] INFO  o.s.d.r.c.RepositoryConfigurationDelegate - Finished Spring Data repository scanning in 157 ms. Found 1 Reactive MongoDB repository interface.
2024-12-03 00:55:46 [main] INFO  o.s.d.r.c.RepositoryConfigurationDelegate - Multiple Spring Data modules found, entering strict repository configuration mode
2024-12-03 00:55:46 [main] INFO  o.s.d.r.c.RepositoryConfigurationDelegate - Bootstrapping Spring Data Redis repositories in DEFAULT mode.
2024-12-03 00:55:46 [main] INFO  o.s.d.r.c.RepositoryConfigurationExtensionSupport - Spring Data Redis - Could not safely identify store assignment for repository candidate interface com.app.commentservice.repository.CommentRepository; If you want this repository to be a Redis repository, consider annotating your entities with one of these annotations: org.springframework.data.redis.core.RedisHash (preferred), or consider extending one of the following types with your repository: org.springframework.data.keyvalue.repository.KeyValueRepository
2024-12-03 00:55:46 [main] INFO  o.s.d.r.c.RepositoryConfigurationDelegate - Finished Spring Data repository scanning in 8 ms. Found 0 Redis repository interfaces.
2024-12-03 00:55:48 [main] INFO  o.s.b.w.e.netty.NettyWebServer - Netty started on port 8083 (http)
2024-12-03 00:56:12 [parallel-1] DEBUG o.s.s.w.s.u.m.OrServerWebExchangeMatcher - Trying to match using PathMatcherServerWebExchangeMatcher{pattern='/logout', method=POST}
2024-12-03 00:56:12 [parallel-1] DEBUG o.s.s.w.s.u.m.PathPatternParserServerWebExchangeMatcher - Request 'GET /v3/api-docs' doesn't match 'POST /logout'
2024-12-03 00:56:12 [parallel-1] DEBUG o.s.s.w.s.u.m.OrServerWebExchangeMatcher - No matches found
2024-12-03 00:56:12 [parallel-1] DEBUG o.s.s.w.s.u.m.OrServerWebExchangeMatcher - Trying to match using PathMatcherServerWebExchangeMatcher{pattern='/swagger-ui.html', method=null}
2024-12-03 00:56:12 [parallel-1] DEBUG o.s.s.w.s.u.m.PathPatternParserServerWebExchangeMatcher - Request 'GET /v3/api-docs' doesn't match 'null /swagger-ui.html'
2024-12-03 00:56:12 [parallel-1] DEBUG o.s.s.w.s.u.m.OrServerWebExchangeMatcher - Trying to match using PathMatcherServerWebExchangeMatcher{pattern='/swagger-ui/**', method=null}
2024-12-03 00:56:12 [parallel-1] DEBUG o.s.s.w.s.u.m.PathPatternParserServerWebExchangeMatcher - Request 'GET /v3/api-docs' doesn't match 'null /swagger-ui/**'
2024-12-03 00:56:12 [parallel-1] DEBUG o.s.s.w.s.u.m.OrServerWebExchangeMatcher - Trying to match using PathMatcherServerWebExchangeMatcher{pattern='/v3/api-docs/**', method=null}
2024-12-03 00:56:12 [parallel-1] DEBUG o.s.s.w.s.u.m.PathPatternParserServerWebExchangeMatcher - Checking match of request : '/v3/api-docs'; against '/v3/api-docs/**'
2024-12-03 00:56:12 [parallel-1] DEBUG o.s.s.w.s.u.m.OrServerWebExchangeMatcher - Trying to match using PathMatcherServerWebExchangeMatcher{pattern='/webjars/**', method=null}
2024-12-03 00:56:12 [parallel-1] DEBUG o.s.s.w.s.u.m.PathPatternParserServerWebExchangeMatcher - Request 'GET /v3/api-docs' doesn't match 'null /webjars/**'
2024-12-03 00:56:12 [parallel-1] DEBUG o.s.s.w.s.u.m.OrServerWebExchangeMatcher - matched
2024-12-03 00:56:12 [parallel-1] DEBUG o.s.s.w.s.a.DelegatingReactiveAuthorizationManager - Checking authorization on '/v3/api-docs' using org.springframework.security.config.web.server.ServerHttpSecurity$AuthorizeExchangeSpec$Access$$Lambda/0x00000008006b9b20@1184dfbe
2024-12-03 00:56:12 [parallel-1] DEBUG o.s.s.w.s.a.AuthorizationWebFilter - Authorization successful
2024-12-03 00:56:34 [parallel-2] DEBUG o.s.s.w.s.u.m.OrServerWebExchangeMatcher - Trying to match using PathMatcherServerWebExchangeMatcher{pattern='/logout', method=POST}
2024-12-03 00:56:34 [parallel-2] DEBUG o.s.s.w.s.u.m.PathPatternParserServerWebExchangeMatcher - Request 'GET /v3/api-docs' doesn't match 'POST /logout'
2024-12-03 00:56:34 [parallel-2] DEBUG o.s.s.w.s.u.m.OrServerWebExchangeMatcher - No matches found
2024-12-03 00:56:34 [parallel-2] DEBUG o.s.s.w.s.u.m.OrServerWebExchangeMatcher - Trying to match using PathMatcherServerWebExchangeMatcher{pattern='/swagger-ui.html', method=null}
2024-12-03 00:56:34 [parallel-2] DEBUG o.s.s.w.s.u.m.PathPatternParserServerWebExchangeMatcher - Request 'GET /v3/api-docs' doesn't match 'null /swagger-ui.html'
2024-12-03 00:56:34 [parallel-2] DEBUG o.s.s.w.s.u.m.OrServerWebExchangeMatcher - Trying to match using PathMatcherServerWebExchangeMatcher{pattern='/swagger-ui/**', method=null}
2024-12-03 00:56:34 [parallel-2] DEBUG o.s.s.w.s.u.m.PathPatternParserServerWebExchangeMatcher - Request 'GET /v3/api-docs' doesn't match 'null /swagger-ui/**'
2024-12-03 00:56:34 [parallel-2] DEBUG o.s.s.w.s.u.m.OrServerWebExchangeMatcher - Trying to match using PathMatcherServerWebExchangeMatcher{pattern='/v3/api-docs/**', method=null}
2024-12-03 00:56:34 [parallel-2] DEBUG o.s.s.w.s.u.m.PathPatternParserServerWebExchangeMatcher - Checking match of request : '/v3/api-docs'; against '/v3/api-docs/**'
2024-12-03 00:56:34 [parallel-2] DEBUG o.s.s.w.s.u.m.OrServerWebExchangeMatcher - Trying to match using PathMatcherServerWebExchangeMatcher{pattern='/webjars/**', method=null}
2024-12-03 00:56:34 [parallel-2] DEBUG o.s.s.w.s.u.m.PathPatternParserServerWebExchangeMatcher - Request 'GET /v3/api-docs' doesn't match 'null /webjars/**'
2024-12-03 00:56:34 [parallel-2] DEBUG o.s.s.w.s.u.m.OrServerWebExchangeMatcher - matched
2024-12-03 00:56:34 [parallel-2] DEBUG o.s.s.w.s.a.DelegatingReactiveAuthorizationManager - Checking authorization on '/v3/api-docs' using org.springframework.security.config.web.server.ServerHttpSecurity$AuthorizeExchangeSpec$Access$$Lambda/0x00000008006b9b20@1184dfbe
2024-12-03 00:56:34 [parallel-2] DEBUG o.s.s.w.s.a.AuthorizationWebFilter - Authorization successful
2024-12-03 00:56:38 [parallel-3] DEBUG o.s.s.w.s.u.m.OrServerWebExchangeMatcher - Trying to match using PathMatcherServerWebExchangeMatcher{pattern='/logout', method=POST}
2024-12-03 00:56:38 [parallel-3] DEBUG o.s.s.w.s.u.m.PathPatternParserServerWebExchangeMatcher - Request 'GET /v3/api-docs' doesn't match 'POST /logout'
2024-12-03 00:56:38 [parallel-3] DEBUG o.s.s.w.s.u.m.OrServerWebExchangeMatcher - No matches found
2024-12-03 00:56:38 [parallel-3] DEBUG o.s.s.w.s.u.m.OrServerWebExchangeMatcher - Trying to match using PathMatcherServerWebExchangeMatcher{pattern='/swagger-ui.html', method=null}
2024-12-03 00:56:38 [parallel-3] DEBUG o.s.s.w.s.u.m.PathPatternParserServerWebExchangeMatcher - Request 'GET /v3/api-docs' doesn't match 'null /swagger-ui.html'
2024-12-03 00:56:38 [parallel-3] DEBUG o.s.s.w.s.u.m.OrServerWebExchangeMatcher - Trying to match using PathMatcherServerWebExchangeMatcher{pattern='/swagger-ui/**', method=null}
2024-12-03 00:56:38 [parallel-3] DEBUG o.s.s.w.s.u.m.PathPatternParserServerWebExchangeMatcher - Request 'GET /v3/api-docs' doesn't match 'null /swagger-ui/**'
2024-12-03 00:56:38 [parallel-3] DEBUG o.s.s.w.s.u.m.OrServerWebExchangeMatcher - Trying to match using PathMatcherServerWebExchangeMatcher{pattern='/v3/api-docs/**', method=null}
2024-12-03 00:56:38 [parallel-3] DEBUG o.s.s.w.s.u.m.PathPatternParserServerWebExchangeMatcher - Checking match of request : '/v3/api-docs'; against '/v3/api-docs/**'
2024-12-03 00:56:38 [parallel-3] DEBUG o.s.s.w.s.u.m.OrServerWebExchangeMatcher - Trying to match using PathMatcherServerWebExchangeMatcher{pattern='/webjars/**', method=null}
2024-12-03 00:56:38 [parallel-3] DEBUG o.s.s.w.s.u.m.PathPatternParserServerWebExchangeMatcher - Request 'GET /v3/api-docs' doesn't match 'null /webjars/**'
2024-12-03 00:56:38 [parallel-3] DEBUG o.s.s.w.s.u.m.OrServerWebExchangeMatcher - matched
2024-12-03 00:56:38 [parallel-3] DEBUG o.s.s.w.s.a.DelegatingReactiveAuthorizationManager - Checking authorization on '/v3/api-docs' using org.springframework.security.config.web.server.ServerHttpSecurity$AuthorizeExchangeSpec$Access$$Lambda/0x00000008006b9b20@1184dfbe
2024-12-03 00:56:38 [parallel-3] DEBUG o.s.s.w.s.a.AuthorizationWebFilter - Authorization successful
2024-12-03 01:29:16 [parallel-4] DEBUG o.s.s.w.s.u.m.OrServerWebExchangeMatcher - Trying to match using PathMatcherServerWebExchangeMatcher{pattern='/logout', method=POST}
2024-12-03 01:29:16 [parallel-4] DEBUG o.s.s.w.s.u.m.PathPatternParserServerWebExchangeMatcher - Request 'GET /v3/api-docs' doesn't match 'POST /logout'
2024-12-03 01:29:16 [parallel-4] DEBUG o.s.s.w.s.u.m.OrServerWebExchangeMatcher - No matches found
2024-12-03 01:29:16 [parallel-4] DEBUG o.s.s.w.s.u.m.OrServerWebExchangeMatcher - Trying to match using PathMatcherServerWebExchangeMatcher{pattern='/swagger-ui.html', method=null}
2024-12-03 01:29:16 [parallel-4] DEBUG o.s.s.w.s.u.m.PathPatternParserServerWebExchangeMatcher - Request 'GET /v3/api-docs' doesn't match 'null /swagger-ui.html'
2024-12-03 01:29:16 [parallel-4] DEBUG o.s.s.w.s.u.m.OrServerWebExchangeMatcher - Trying to match using PathMatcherServerWebExchangeMatcher{pattern='/swagger-ui/**', method=null}
2024-12-03 01:29:16 [parallel-4] DEBUG o.s.s.w.s.u.m.PathPatternParserServerWebExchangeMatcher - Request 'GET /v3/api-docs' doesn't match 'null /swagger-ui/**'
2024-12-03 01:29:16 [parallel-4] DEBUG o.s.s.w.s.u.m.OrServerWebExchangeMatcher - Trying to match using PathMatcherServerWebExchangeMatcher{pattern='/v3/api-docs/**', method=null}
2024-12-03 01:29:16 [parallel-4] DEBUG o.s.s.w.s.u.m.PathPatternParserServerWebExchangeMatcher - Checking match of request : '/v3/api-docs'; against '/v3/api-docs/**'
2024-12-03 01:29:16 [parallel-4] DEBUG o.s.s.w.s.u.m.OrServerWebExchangeMatcher - Trying to match using PathMatcherServerWebExchangeMatcher{pattern='/webjars/**', method=null}
2024-12-03 01:29:16 [parallel-4] DEBUG o.s.s.w.s.u.m.PathPatternParserServerWebExchangeMatcher - Request 'GET /v3/api-docs' doesn't match 'null /webjars/**'
2024-12-03 01:29:16 [parallel-4] DEBUG o.s.s.w.s.u.m.OrServerWebExchangeMatcher - matched
2024-12-03 01:29:16 [parallel-4] DEBUG o.s.s.w.s.a.DelegatingReactiveAuthorizationManager - Checking authorization on '/v3/api-docs' using org.springframework.security.config.web.server.ServerHttpSecurity$AuthorizeExchangeSpec$Access$$Lambda/0x00000008006b9b20@1184dfbe
2024-12-03 01:29:16 [parallel-4] DEBUG o.s.s.w.s.a.AuthorizationWebFilter - Authorization successful
2024-12-03 01:44:03 [parallel-6] DEBUG o.s.s.w.s.u.m.OrServerWebExchangeMatcher - Trying to match using PathMatcherServerWebExchangeMatcher{pattern='/logout', method=POST}
2024-12-03 01:44:03 [parallel-6] DEBUG o.s.s.w.s.u.m.PathPatternParserServerWebExchangeMatcher - Request 'GET /api/comments/comment' doesn't match 'POST /logout'
2024-12-03 01:44:03 [parallel-6] DEBUG o.s.s.w.s.u.m.OrServerWebExchangeMatcher - No matches found
2024-12-03 01:44:03 [parallel-6] DEBUG o.s.s.w.s.u.m.OrServerWebExchangeMatcher - Trying to match using PathMatcherServerWebExchangeMatcher{pattern='/swagger-ui.html', method=null}
2024-12-03 01:44:03 [parallel-6] DEBUG o.s.s.w.s.u.m.PathPatternParserServerWebExchangeMatcher - Request 'GET /api/comments/comment' doesn't match 'null /swagger-ui.html'
2024-12-03 01:44:03 [parallel-6] DEBUG o.s.s.w.s.u.m.OrServerWebExchangeMatcher - Trying to match using PathMatcherServerWebExchangeMatcher{pattern='/swagger-ui/**', method=null}
2024-12-03 01:44:03 [parallel-6] DEBUG o.s.s.w.s.u.m.PathPatternParserServerWebExchangeMatcher - Request 'GET /api/comments/comment' doesn't match 'null /swagger-ui/**'
2024-12-03 01:44:03 [parallel-6] DEBUG o.s.s.w.s.u.m.OrServerWebExchangeMatcher - Trying to match using PathMatcherServerWebExchangeMatcher{pattern='/v3/api-docs/**', method=null}
2024-12-03 01:44:03 [parallel-6] DEBUG o.s.s.w.s.u.m.PathPatternParserServerWebExchangeMatcher - Request 'GET /api/comments/comment' doesn't match 'null /v3/api-docs/**'
2024-12-03 01:44:03 [parallel-6] DEBUG o.s.s.w.s.u.m.OrServerWebExchangeMatcher - Trying to match using PathMatcherServerWebExchangeMatcher{pattern='/webjars/**', method=null}
2024-12-03 01:44:03 [parallel-6] DEBUG o.s.s.w.s.u.m.PathPatternParserServerWebExchangeMatcher - Request 'GET /api/comments/comment' doesn't match 'null /webjars/**'
2024-12-03 01:44:03 [parallel-6] DEBUG o.s.s.w.s.u.m.OrServerWebExchangeMatcher - No matches found
2024-12-03 01:44:03 [parallel-6] DEBUG o.s.s.w.s.a.DelegatingReactiveAuthorizationManager - Checking authorization on '/api/comments/comment' using org.springframework.security.authorization.AuthenticatedReactiveAuthorizationManager@12616b4e
2024-12-03 01:44:03 [parallel-6] DEBUG o.s.s.w.s.a.AuthorizationWebFilter - Authorization successful
2024-12-03 01:45:31 [RMI TCP Connection(60)-127.0.0.1] INFO  o.s.b.a.SpringApplicationAdminMXBeanRegistrar$SpringApplicationAdmin - Application shutdown requested.
