2024-12-03 00:20:15 [http-nio-8081-exec-7] DEBUG o.s.security.web.FilterChainProxy - Securing GET /v3/api-docs
2024-12-03 00:20:16 [http-nio-8081-exec-7] DEBUG o.s.security.web.FilterChainProxy - Secured GET /v3/api-docs
2024-12-03 00:20:16 [http-nio-8081-exec-7] DEBUG o.s.s.w.a.AnonymousAuthenticationFilter - Set SecurityContextHolder to anonymous SecurityContext
2024-12-03 00:42:46 [http-nio-8081-exec-9] DEBUG o.s.security.web.FilterChainProxy - Securing GET /v3/api-docs
2024-12-03 00:42:46 [http-nio-8081-exec-9] DEBUG o.s.security.web.FilterChainProxy - Secured GET /v3/api-docs
2024-12-03 00:42:46 [http-nio-8081-exec-9] DEBUG o.s.s.w.a.AnonymousAuthenticationFilter - Set SecurityContextHolder to anonymous SecurityContext
2024-12-03 00:46:51 [http-nio-8081-exec-1] DEBUG o.s.security.web.FilterChainProxy - Securing GET /v3/api-docs
2024-12-03 00:46:51 [http-nio-8081-exec-1] DEBUG o.s.security.web.FilterChainProxy - Secured GET /v3/api-docs
2024-12-03 00:46:51 [http-nio-8081-exec-1] DEBUG o.s.s.w.a.AnonymousAuthenticationFilter - Set SecurityContextHolder to anonymous SecurityContext
2024-12-03 00:48:08 [http-nio-8081-exec-3] DEBUG o.s.security.web.FilterChainProxy - Securing GET /v3/api-docs
2024-12-03 00:48:08 [http-nio-8081-exec-3] DEBUG o.s.security.web.FilterChainProxy - Secured GET /v3/api-docs
2024-12-03 00:48:08 [http-nio-8081-exec-3] DEBUG o.s.s.w.a.AnonymousAuthenticationFilter - Set SecurityContextHolder to anonymous SecurityContext
2024-12-03 01:30:27 [http-nio-8081-exec-5] DEBUG o.s.security.web.FilterChainProxy - Securing POST /keycloak/login
2024-12-03 01:30:27 [http-nio-8081-exec-5] DEBUG o.s.s.a.d.DaoAuthenticationProvider - Authenticated user
2024-12-03 01:30:27 [http-nio-8081-exec-5] DEBUG o.s.s.w.a.w.BasicAuthenticationFilter - Set SecurityContextHolder to UsernamePasswordAuthenticationToken [Principal=org.springframework.security.core.userdetails.User [Username=sysadmin, Password=[PROTECTED], Enabled=true, AccountNonExpired=true, CredentialsNonExpired=true, AccountNonLocked=true, Granted Authorities=[ROLE_Service]], Credentials=[PROTECTED], Authenticated=true, Details=WebAuthenticationDetails [RemoteIpAddress=127.0.0.1, SessionId=null], Granted Authorities=[ROLE_Service]]
2024-12-03 01:30:27 [http-nio-8081-exec-5] DEBUG o.s.security.web.FilterChainProxy - Secured POST /keycloak/login
2024-12-03 01:45:37 [RMI TCP Connection(251)-127.0.0.1] INFO  o.s.b.a.SpringApplicationAdminMXBeanRegistrar$SpringApplicationAdmin - Application shutdown requested.
2024-12-03 01:45:37 [RMI TCP Connection(251)-127.0.0.1] INFO  o.s.o.j.LocalContainerEntityManagerFactoryBean - Closing JPA EntityManagerFactory for persistence unit 'default'
2024-12-03 01:46:17 [main] INFO  o.s.d.r.c.RepositoryConfigurationDelegate - Multiple Spring Data modules found, entering strict repository configuration mode
2024-12-03 01:46:17 [main] INFO  o.s.d.r.c.RepositoryConfigurationDelegate - Bootstrapping Spring Data JPA repositories in DEFAULT mode.
2024-12-03 01:46:17 [main] INFO  o.s.d.r.c.RepositoryConfigurationDelegate - Finished Spring Data repository scanning in 180 ms. Found 1 JPA repository interface.
2024-12-03 01:46:17 [main] INFO  o.s.d.r.c.RepositoryConfigurationDelegate - Multiple Spring Data modules found, entering strict repository configuration mode
2024-12-03 01:46:17 [main] INFO  o.s.d.r.c.RepositoryConfigurationDelegate - Bootstrapping Spring Data Redis repositories in DEFAULT mode.
2024-12-03 01:46:17 [main] INFO  o.s.d.r.c.RepositoryConfigurationExtensionSupport - Spring Data Redis - Could not safely identify store assignment for repository candidate interface com.app.userservice.repository.UserRepository; If you want this repository to be a Redis repository, consider annotating your entities with one of these annotations: org.springframework.data.redis.core.RedisHash (preferred), or consider extending one of the following types with your repository: org.springframework.data.keyvalue.repository.KeyValueRepository
2024-12-03 01:46:17 [main] INFO  o.s.d.r.c.RepositoryConfigurationDelegate - Finished Spring Data repository scanning in 10 ms. Found 0 Redis repository interfaces.
2024-12-03 01:46:18 [main] INFO  o.s.b.w.e.tomcat.TomcatWebServer - Tomcat initialized with port 8081 (http)
2024-12-03 01:46:18 [main] INFO  o.s.b.w.s.c.ServletWebServerApplicationContext - Root WebApplicationContext: initialization completed in 2889 ms
2024-12-03 01:46:19 [main] INFO  o.h.jpa.internal.util.LogHelper - HHH000204: Processing PersistenceUnitInfo [name: default]
2024-12-03 01:46:19 [main] INFO  org.hibernate.Version - HHH000412: Hibernate ORM core version 6.5.3.Final
2024-12-03 01:46:19 [main] INFO  o.h.c.i.RegionFactoryInitiator - HHH000026: Second-level cache disabled
2024-12-03 01:46:20 [main] INFO  o.s.o.j.p.SpringPersistenceUnitInfo - No LoadTimeWeaver setup: ignoring JPA class transformer
2024-12-03 01:46:22 [main] INFO  o.h.e.t.j.p.i.JtaPlatformInitiator - HHH000489: No JTA platform available (set 'hibernate.transaction.jta.platform' to enable JTA platform integration)
2024-12-03 01:46:22 [main] INFO  o.s.o.j.LocalContainerEntityManagerFactoryBean - Initialized JPA EntityManagerFactory for persistence unit 'default'
2024-12-03 01:46:23 [main] WARN  o.s.b.a.o.j.JpaBaseConfiguration$JpaWebConfiguration - spring.jpa.open-in-view is enabled by default. Therefore, database queries may be performed during view rendering. Explicitly configure spring.jpa.open-in-view to disable this warning
2024-12-03 01:46:23 [main] INFO  o.s.s.c.a.a.c.InitializeUserDetailsBeanManagerConfigurer$InitializeUserDetailsManagerConfigurer - Global AuthenticationManager configured with UserDetailsService bean with name userDetailsService
2024-12-03 01:46:24 [main] INFO  o.s.b.a.e.web.EndpointLinksResolver - Exposing 1 endpoint beneath base path '/actuator'
2024-12-03 01:46:24 [main] DEBUG o.s.s.web.DefaultSecurityFilterChain - Will secure Or [Mvc [pattern='/keycloak/**']] with filters: DisableEncodeUrlFilter, WebAsyncManagerIntegrationFilter, SecurityContextHolderFilter, HeaderWriterFilter, LogoutFilter, BasicAuthenticationFilter, RequestCacheAwareFilter, SecurityContextHolderAwareRequestFilter, AnonymousAuthenticationFilter, ExceptionTranslationFilter, AuthorizationFilter
2024-12-03 01:46:24 [main] DEBUG o.s.s.web.DefaultSecurityFilterChain - Will secure Or [Mvc [pattern='/api/**']] with filters: DisableEncodeUrlFilter, WebAsyncManagerIntegrationFilter, SecurityContextHolderFilter, HeaderWriterFilter, LogoutFilter, BearerTokenAuthenticationFilter, RequestCacheAwareFilter, SecurityContextHolderAwareRequestFilter, AnonymousAuthenticationFilter, ExceptionTranslationFilter, AuthorizationFilter
2024-12-03 01:46:24 [main] DEBUG o.s.s.web.DefaultSecurityFilterChain - Will secure Or [Mvc [pattern='/swagger-ui.html'], Mvc [pattern='/v3/api-docs']] with filters: DisableEncodeUrlFilter, WebAsyncManagerIntegrationFilter, SecurityContextHolderFilter, HeaderWriterFilter, LogoutFilter, RequestCacheAwareFilter, SecurityContextHolderAwareRequestFilter, AnonymousAuthenticationFilter, ExceptionTranslationFilter, AuthorizationFilter
2024-12-03 01:46:25 [main] INFO  o.s.b.w.e.tomcat.TomcatWebServer - Tomcat started on port 8081 (http) with context path '/'
2024-12-03 01:46:29 [http-nio-8081-exec-1] INFO  o.s.web.servlet.DispatcherServlet - Initializing Servlet 'dispatcherServlet'
2024-12-03 01:46:29 [http-nio-8081-exec-1] INFO  o.s.web.servlet.DispatcherServlet - Completed initialization in 3 ms
2024-12-03 01:46:29 [http-nio-8081-exec-1] DEBUG o.s.security.web.FilterChainProxy - Securing GET /keycloak/users?search=&first=0&max=19
2024-12-03 01:46:30 [http-nio-8081-exec-1] DEBUG o.s.s.a.d.DaoAuthenticationProvider - Authenticated user
2024-12-03 01:46:30 [http-nio-8081-exec-1] DEBUG o.s.s.w.a.w.BasicAuthenticationFilter - Set SecurityContextHolder to UsernamePasswordAuthenticationToken [Principal=org.springframework.security.core.userdetails.User [Username=sysadmin, Password=[PROTECTED], Enabled=true, AccountNonExpired=true, CredentialsNonExpired=true, AccountNonLocked=true, Granted Authorities=[ROLE_Service]], Credentials=[PROTECTED], Authenticated=true, Details=WebAuthenticationDetails [RemoteIpAddress=127.0.0.1, SessionId=null], Granted Authorities=[ROLE_Service]]
2024-12-03 01:46:30 [http-nio-8081-exec-1] DEBUG o.s.security.web.FilterChainProxy - Secured GET /keycloak/users?search=&first=0&max=19
2024-12-03 01:46:57 [http-nio-8081-exec-2] DEBUG o.s.security.web.FilterChainProxy - Securing GET /keycloak/users?search=&first=0&max=99
2024-12-03 01:46:58 [http-nio-8081-exec-2] DEBUG o.s.s.a.d.DaoAuthenticationProvider - Authenticated user
2024-12-03 01:46:58 [http-nio-8081-exec-2] DEBUG o.s.s.w.a.w.BasicAuthenticationFilter - Set SecurityContextHolder to UsernamePasswordAuthenticationToken [Principal=org.springframework.security.core.userdetails.User [Username=sysadmin, Password=[PROTECTED], Enabled=true, AccountNonExpired=true, CredentialsNonExpired=true, AccountNonLocked=true, Granted Authorities=[ROLE_Service]], Credentials=[PROTECTED], Authenticated=true, Details=WebAuthenticationDetails [RemoteIpAddress=127.0.0.1, SessionId=null], Granted Authorities=[ROLE_Service]]
2024-12-03 01:46:58 [http-nio-8081-exec-2] DEBUG o.s.security.web.FilterChainProxy - Secured GET /keycloak/users?search=&first=0&max=99
2024-12-03 01:49:17 [http-nio-8081-exec-4] DEBUG o.s.security.web.FilterChainProxy - Securing GET /keycloak/users?search=&first=0&max=99
2024-12-03 01:49:17 [http-nio-8081-exec-4] DEBUG o.s.s.a.d.DaoAuthenticationProvider - Authenticated user
2024-12-03 01:49:17 [http-nio-8081-exec-4] DEBUG o.s.s.w.a.w.BasicAuthenticationFilter - Set SecurityContextHolder to UsernamePasswordAuthenticationToken [Principal=org.springframework.security.core.userdetails.User [Username=sysadmin, Password=[PROTECTED], Enabled=true, AccountNonExpired=true, CredentialsNonExpired=true, AccountNonLocked=true, Granted Authorities=[ROLE_Service]], Credentials=[PROTECTED], Authenticated=true, Details=WebAuthenticationDetails [RemoteIpAddress=127.0.0.1, SessionId=null], Granted Authorities=[ROLE_Service]]
2024-12-03 01:49:17 [http-nio-8081-exec-4] DEBUG o.s.security.web.FilterChainProxy - Secured GET /keycloak/users?search=&first=0&max=99
2024-12-03 02:08:56 [RMI TCP Connection(39)-127.0.0.1] INFO  o.s.b.a.SpringApplicationAdminMXBeanRegistrar$SpringApplicationAdmin - Application shutdown requested.
2024-12-03 02:08:56 [RMI TCP Connection(39)-127.0.0.1] INFO  o.s.o.j.LocalContainerEntityManagerFactoryBean - Closing JPA EntityManagerFactory for persistence unit 'default'
